<?xml version="1.0" encoding="UTF-8"?>
<!-- Generated by org.testng.reporters.JUnitReportReporter -->
<testsuite hostname="Dineshdk08" failures="0" tests="5" name="TestRunner.Runner" time="33.990" errors="0" timestamp="27 Jun 2024 17:57:56 GMT" skipped="5">
  <testcase classname="TestRunner.Runner" name="runScenario" time="6.875">
    <skipped/>
  </testcase> <!-- runScenario -->
  <testcase classname="TestRunner.Runner" name="runScenario" time="6.639">
    <skipped/>
  </testcase> <!-- runScenario -->
  <testcase classname="TestRunner.Runner" name="runScenario" time="6.658">
    <skipped/>
  </testcase> <!-- runScenario -->
  <testcase classname="TestRunner.Runner" name="runScenario" time="7.485">
    <skipped/>
  </testcase> <!-- runScenario -->
  <testcase classname="TestRunner.Runner" name="runScenario" time="6.333">
    <skipped/>
  </testcase> <!-- runScenario -->
</testsuite> <!-- TestRunner.Runner -->
