<?xml version="1.0" encoding="UTF-8"?>
<!-- Generated by org.testng.reporters.JUnitReportReporter -->
<testsuite hostname="Dineshdk08" failures="0" tests="10" name="TestRunner.Runner" time="59.952" errors="0" timestamp="09 Jul 2024 13:20:47 GMT" skipped="0">
  <testcase classname="TestRunner.Runner" name="runScenario" time="4.850"/>
  <testcase classname="TestRunner.Runner" name="runScenario" time="5.103"/>
  <testcase classname="TestRunner.Runner" name="runScenario" time="4.935"/>
  <testcase classname="TestRunner.Runner" name="runScenario" time="5.427"/>
  <testcase classname="TestRunner.Runner" name="runScenario" time="6.435"/>
  <testcase classname="TestRunner.Runner" name="runScenario" time="6.280"/>
  <testcase classname="TestRunner.Runner" name="runScenario" time="12.565"/>
  <testcase classname="TestRunner.Runner" name="runScenario" time="4.622"/>
  <testcase classname="TestRunner.Runner" name="runScenario" time="4.900"/>
  <testcase classname="TestRunner.Runner" name="runScenario" time="4.835"/>
</testsuite> <!-- TestRunner.Runner -->
